<?xml version="1.0" encoding="UTF-8"?>
<!-- Generated by org.testng.reporters.JUnitReportReporter -->
<testsuite hostname="ankit" failures="0" tests="1" name="TestCases.LoginApplication" time="125.117" errors="0" timestamp="2023-04-01T01:40:19 IST" skipped="0">
  <testcase classname="TestCases.LoginApplication" name="Login" time="125.117"/>
  <system-out/>
</testsuite> <!-- TestCases.LoginApplication -->
